<?xml version="1.0" encoding="UTF-8"?>
<!-- Generated by org.testng.reporters.JUnitReportReporter -->
<testsuite hostname="TYSS-Gajanan-Vijay" failures="0" tests="2" name="testng.ConfigurationAnnotation" time="0.033" errors="0" timestamp="2023-12-11T12:52:49 IST" skipped="0">
  <testcase classname="testng.ConfigurationAnnotation" name="Demo" time="0.029"/>
  <system-out>
    <![CDATA[@Test (Demo)]]>
  </system-out>
  <testcase classname="testng.ConfigurationAnnotation" name="Demo1" time="0.004"/>
  <system-out>
    <![CDATA[@Test (Demo1)]]>
  </system-out>
</testsuite> <!-- testng.ConfigurationAnnotation -->
