<?xml version="1.0" encoding="UTF-8"?>
<!-- Generated by org.testng.reporters.JUnitReportReporter -->
<testsuite hostname="TYSS-Gajanan-Vijay" failures="0" tests="1" name="testng.Apple" time="2.056" errors="0" timestamp="2023-12-13T14:19:17 IST" skipped="0">
  <testcase classname="testng.Apple" name="launchApple" time="2.056"/>
  <system-out/>
</testsuite> <!-- testng.Apple -->
