<?xml version="1.0" encoding="UTF-8"?>
<!-- Generated by org.testng.reporters.JUnitReportReporter -->
<testsuite hostname="TYSS-Gajanan-Vijay" failures="0" tests="2" name="DataProvider.LoginTest" time="30.529" errors="0" timestamp="2023-12-12T10:11:48 IST" skipped="0">
  <testcase classname="DataProvider.LoginTest" name="login" time="15.020"/>
  <system-out/>
  <testcase classname="DataProvider.LoginTest" name="login" time="15.509"/>
  <system-out/>
</testsuite> <!-- DataProvider.LoginTest -->
