<?xml version="1.0" encoding="UTF-8"?>
<!-- Generated by org.testng.reporters.JUnitReportReporter -->
<testsuite hostname="TYSS-Gajanan-Vijay" failures="0" tests="1" name="testng.Amazon" time="4.660" errors="0" timestamp="2023-12-13T14:19:17 IST" skipped="0">
  <testcase classname="testng.Amazon" name="launchApple" time="4.660"/>
  <system-out/>
</testsuite> <!-- testng.Amazon -->
