<?xml version="1.0" encoding="UTF-8"?>
<!-- Generated by org.testng.reporters.JUnitReportReporter -->
<testsuite hostname="TYSS-Gajanan-Vijay" failures="0" tests="3" name="testng.CrossBrowserTest" time="61.740" errors="0" timestamp="2023-12-12T12:44:30 IST" skipped="0">
  <testcase classname="testng.CrossBrowserTest" name="login" time="24.005"/>
  <system-out>
    <![CDATA[Successfully logged in]]>
  </system-out>
  <testcase classname="testng.CrossBrowserTest" name="login" time="19.780"/>
  <system-out>
    <![CDATA[Successfully logged in]]>
  </system-out>
  <testcase classname="testng.CrossBrowserTest" name="login" time="17.955"/>
  <system-out>
    <![CDATA[Successfully logged in]]>
  </system-out>
</testsuite> <!-- testng.CrossBrowserTest -->
