<?xml version="1.0" encoding="UTF-8"?>
<!-- Generated by org.testng.reporters.JUnitReportReporter -->
<testsuite hostname="TYSS-Gajanan-Vijay" failures="0" tests="2" name="testng.Demo1" time="6.555" errors="0" timestamp="2023-12-16T10:03:15 IST" skipped="1">
  <testcase classname="testng.Demo1" name="sample" time="6.555"/>
  <system-out>
    <![CDATA[Test NG class Executed]]>
  </system-out>
  <testcase classname="testng.Demo1" name="register">
    <skipped/>
  </testcase> <!-- register -->
  <system-out/>
</testsuite> <!-- testng.Demo1 -->
