<?xml version="1.0" encoding="UTF-8"?>
<!-- Generated by org.testng.reporters.JUnitReportReporter -->
<testsuite hostname="TYSS-Gajanan-Vijay" failures="0" tests="1" name="Assertion.HardAssert" time="17.547" errors="0" timestamp="2023-12-12T10:56:56 IST" skipped="0">
  <testcase classname="Assertion.HardAssert" name="login" time="17.547"/>
  <system-out>
    <![CDATA[User logged in successfully]]>
  </system-out>
</testsuite> <!-- Assertion.HardAssert -->
